<?xml version="1.0" encoding="UTF-8"?>
<testng-results skipped="1" failed="0" total="1" passed="0">
  <reporter-output>
  </reporter-output>
  <suite name="CitiBankTest Test Suite" duration-ms="53688" started-at="2016-08-07T03:28:42Z" finished-at="2016-08-07T03:29:36Z">
    <groups>
    </groups>
    <test name="Tests Using firefox" duration-ms="53688" started-at="2016-08-07T03:28:42Z" finished-at="2016-08-07T03:29:36Z">
      <class name="com.tests.CitiBankTest">
        <test-method status="FAIL" signature="LaunchBrowser(java.lang.String)[pri:0, instance:com.tests.CitiBankTest@1554909b]" name="LaunchBrowser" is-config="true" duration-ms="0" started-at="2016-08-06T23:28:42Z" finished-at="2016-08-06T23:28:42Z">
          <params>
            <param index="0">
              <value>
                <![CDATA[firefox]]>
              </value>
            </param>
          </params>
          <exception class="org.openqa.selenium.WebDriverException">
            <message>
              <![CDATA[Failed to connect to binary FirefoxBinary(C:\Program Files (x86)\Mozilla Firefox\firefox.exe) on port 7055; process output follows: 
c20a-464f-9b0e-13a3a9e97384}","minVersion":"45.0.2","maxVersion":"45.0.2"}],"targetPlatforms":[],"seen":true}
1470540531408	addons.xpi	DEBUG	getModTime: Recursive scan of {972ce4c6-7e08-4474-a285-3208198ce6fd}
1470540531409	DeferredSave.extensions.json	DEBUG	Save changes
1470540531409	addons.xpi	DEBUG	Updating database with changes to installed add-ons
1470540531409	addons.xpi-utils	DEBUG	Updating add-on states
1470540531410	addons.xpi-utils	DEBUG	Writing add-ons list
1470540531420	addons.xpi	DEBUG	Registering manifest for C:\Program Files (x86)\Mozilla Firefox\browser\features\loop@mozilla.org.xpi
1470540531424	addons.xpi	DEBUG	Calling bootstrap method startup on loop@mozilla.org version 1.1.14
1470540531457	addons.manager	DEBUG	Starting provider: <unnamed-provider>
1470540531457	addons.manager	DEBUG	Registering shutdown blocker for <unnamed-provider>
1470540531458	addons.manager	DEBUG	Provider finished startup: <unnamed-provider>
1470540531475	addons.xpi	DEBUG	Registering manifest for C:\Program Files (x86)\Mozilla Firefox\browser\extensions\{82AF8DCA-6DE9-405D-BD5E-43525BDAD38A}.xpi
1470540531476	addons.xpi	DEBUG	Calling bootstrap method startup on {82AF8DCA-6DE9-405D-BD5E-43525BDAD38A} version 8.3.0.9150
1470540531479	addons.manager	DEBUG	Registering shutdown blocker for XPIProvider
1470540531480	addons.manager	DEBUG	Provider finished startup: XPIProvider
1470540531480	addons.manager	DEBUG	Starting provider: LightweightThemeManager
1470540531480	addons.manager	DEBUG	Registering shutdown blocker for LightweightThemeManager
1470540531480	addons.manager	DEBUG	Provider finished startup: LightweightThemeManager
1470540531481	addons.manager	DEBUG	Starting provider: GMPProvider
1470540531492	addons.manager	DEBUG	Registering shutdown blocker for GMPProvider
1470540531492	addons.manager	DEBUG	Provider finished startup: GMPProvider
1470540531493	addons.manager	DEBUG	Starting provider: PluginProvider
1470540531493	addons.manager	DEBUG	Registering shutdown blocker for PluginProvider
1470540531494	addons.manager	DEBUG	Provider finished startup: PluginProvider
1470540531494	addons.manager	DEBUG	Completed startup sequence
1470540536558	DeferredSave.extensions.json	DEBUG	Write succeeded
1470540536558	addons.xpi-utils	DEBUG	XPI Database saved, setting schema version preference to 17
1470540536559	DeferredSave.extensions.json	DEBUG	Starting timer
1470540536582	DeferredSave.extensions.json	DEBUG	Starting write
1470540536588	addons.repository	DEBUG	No addons.json found.
1470540536588	DeferredSave.addons.json	DEBUG	Save changes
1470540536592	DeferredSave.addons.json	DEBUG	Starting timer
1470540537619	addons.manager	DEBUG	Starting provider: PreviousExperimentProvider
1470540537620	addons.manager	DEBUG	Registering shutdown blocker for PreviousExperimentProvider
1470540537620	addons.manager	DEBUG	Provider finished startup: PreviousExperimentProvider
1470540537625	DeferredSave.addons.json	DEBUG	Starting write
1470540537958	DeferredSave.extensions.json	DEBUG	Write succeeded
1470540538000	DeferredSave.addons.json	DEBUG	Write succeeded
1470540558031	addons.xpi	DEBUG	Calling bootstrap method shutdown on loop@mozilla.org version 1.1.14
1470540558066	addons.xpi	DEBUG	Calling bootstrap method shutdown on {82AF8DCA-6DE9-405D-BD5E-43525BDAD38A} version 8.3.0.9150
1470540558405	addons.manager	DEBUG	shutdown
1470540558406	addons.manager	DEBUG	Calling shutdown blocker for <unnamed-provider>
1470540558406	addons.manager	DEBUG	Calling shutdown blocker for XPIProvider
1470540558406	addons.xpi	DEBUG	shutdown
1470540558407	addons.xpi-utils	DEBUG	shutdown
1470540558407	addons.manager	DEBUG	Calling shutdown blocker for LightweightThemeManager
1470540558408	addons.manager	DEBUG	Calling shutdown blocker for GMPProvider
1470540558411	addons.manager	DEBUG	Calling shutdown blocker for PluginProvider
1470540558414	addons.manager	DEBUG	Calling shutdown blocker for PreviousExperimentProvider
1470540558420	addons.xpi	DEBUG	Notifying XPI shutdown observers
1470540558433	addons.manager	DEBUG	Async provider shutdown done

Build info: version: '2.50.1', revision: 'd7fc91b', time: '2016-01-29 19:04:49'
System info: host: 'Hasan-PC', ip: '192.168.158.1', os.name: 'Windows 7', os.arch: 'amd64', os.version: '6.1', java.version: '1.8.0_66'
Driver info: driver.version: FirefoxDriver]]>
            </message>
            <full-stacktrace>
              <![CDATA[org.openqa.selenium.WebDriverException: Failed to connect to binary FirefoxBinary(C:\Program Files (x86)\Mozilla Firefox\firefox.exe) on port 7055; process output follows: 
c20a-464f-9b0e-13a3a9e97384}","minVersion":"45.0.2","maxVersion":"45.0.2"}],"targetPlatforms":[],"seen":true}
1470540531408	addons.xpi	DEBUG	getModTime: Recursive scan of {972ce4c6-7e08-4474-a285-3208198ce6fd}
1470540531409	DeferredSave.extensions.json	DEBUG	Save changes
1470540531409	addons.xpi	DEBUG	Updating database with changes to installed add-ons
1470540531409	addons.xpi-utils	DEBUG	Updating add-on states
1470540531410	addons.xpi-utils	DEBUG	Writing add-ons list
1470540531420	addons.xpi	DEBUG	Registering manifest for C:\Program Files (x86)\Mozilla Firefox\browser\features\loop@mozilla.org.xpi
1470540531424	addons.xpi	DEBUG	Calling bootstrap method startup on loop@mozilla.org version 1.1.14
1470540531457	addons.manager	DEBUG	Starting provider: <unnamed-provider>
1470540531457	addons.manager	DEBUG	Registering shutdown blocker for <unnamed-provider>
1470540531458	addons.manager	DEBUG	Provider finished startup: <unnamed-provider>
1470540531475	addons.xpi	DEBUG	Registering manifest for C:\Program Files (x86)\Mozilla Firefox\browser\extensions\{82AF8DCA-6DE9-405D-BD5E-43525BDAD38A}.xpi
1470540531476	addons.xpi	DEBUG	Calling bootstrap method startup on {82AF8DCA-6DE9-405D-BD5E-43525BDAD38A} version 8.3.0.9150
1470540531479	addons.manager	DEBUG	Registering shutdown blocker for XPIProvider
1470540531480	addons.manager	DEBUG	Provider finished startup: XPIProvider
1470540531480	addons.manager	DEBUG	Starting provider: LightweightThemeManager
1470540531480	addons.manager	DEBUG	Registering shutdown blocker for LightweightThemeManager
1470540531480	addons.manager	DEBUG	Provider finished startup: LightweightThemeManager
1470540531481	addons.manager	DEBUG	Starting provider: GMPProvider
1470540531492	addons.manager	DEBUG	Registering shutdown blocker for GMPProvider
1470540531492	addons.manager	DEBUG	Provider finished startup: GMPProvider
1470540531493	addons.manager	DEBUG	Starting provider: PluginProvider
1470540531493	addons.manager	DEBUG	Registering shutdown blocker for PluginProvider
1470540531494	addons.manager	DEBUG	Provider finished startup: PluginProvider
1470540531494	addons.manager	DEBUG	Completed startup sequence
1470540536558	DeferredSave.extensions.json	DEBUG	Write succeeded
1470540536558	addons.xpi-utils	DEBUG	XPI Database saved, setting schema version preference to 17
1470540536559	DeferredSave.extensions.json	DEBUG	Starting timer
1470540536582	DeferredSave.extensions.json	DEBUG	Starting write
1470540536588	addons.repository	DEBUG	No addons.json found.
1470540536588	DeferredSave.addons.json	DEBUG	Save changes
1470540536592	DeferredSave.addons.json	DEBUG	Starting timer
1470540537619	addons.manager	DEBUG	Starting provider: PreviousExperimentProvider
1470540537620	addons.manager	DEBUG	Registering shutdown blocker for PreviousExperimentProvider
1470540537620	addons.manager	DEBUG	Provider finished startup: PreviousExperimentProvider
1470540537625	DeferredSave.addons.json	DEBUG	Starting write
1470540537958	DeferredSave.extensions.json	DEBUG	Write succeeded
1470540538000	DeferredSave.addons.json	DEBUG	Write succeeded
1470540558031	addons.xpi	DEBUG	Calling bootstrap method shutdown on loop@mozilla.org version 1.1.14
1470540558066	addons.xpi	DEBUG	Calling bootstrap method shutdown on {82AF8DCA-6DE9-405D-BD5E-43525BDAD38A} version 8.3.0.9150
1470540558405	addons.manager	DEBUG	shutdown
1470540558406	addons.manager	DEBUG	Calling shutdown blocker for <unnamed-provider>
1470540558406	addons.manager	DEBUG	Calling shutdown blocker for XPIProvider
1470540558406	addons.xpi	DEBUG	shutdown
1470540558407	addons.xpi-utils	DEBUG	shutdown
1470540558407	addons.manager	DEBUG	Calling shutdown blocker for LightweightThemeManager
1470540558408	addons.manager	DEBUG	Calling shutdown blocker for GMPProvider
1470540558411	addons.manager	DEBUG	Calling shutdown blocker for PluginProvider
1470540558414	addons.manager	DEBUG	Calling shutdown blocker for PreviousExperimentProvider
1470540558420	addons.xpi	DEBUG	Notifying XPI shutdown observers
1470540558433	addons.manager	DEBUG	Async provider shutdown done

Build info: version: '2.50.1', revision: 'd7fc91b', time: '2016-01-29 19:04:49'
System info: host: 'Hasan-PC', ip: '192.168.158.1', os.name: 'Windows 7', os.arch: 'amd64', os.version: '6.1', java.version: '1.8.0_66'
Driver info: driver.version: FirefoxDriver
	at org.openqa.selenium.firefox.internal.NewProfileExtensionConnection.start(NewProfileExtensionConnection.java:134)
	at org.openqa.selenium.firefox.FirefoxDriver.startClient(FirefoxDriver.java:271)
	at org.openqa.selenium.remote.RemoteWebDriver.<init>(RemoteWebDriver.java:119)
	at org.openqa.selenium.firefox.FirefoxDriver.<init>(FirefoxDriver.java:218)
	at org.openqa.selenium.firefox.FirefoxDriver.<init>(FirefoxDriver.java:211)
	at org.openqa.selenium.firefox.FirefoxDriver.<init>(FirefoxDriver.java:129)
	at com.pageobjects.BaseClass.LaunchBrowser(BaseClass.java:57)
	at sun.reflect.NativeMethodAccessorImpl.invoke0(Native Method)
	at sun.reflect.NativeMethodAccessorImpl.invoke(Unknown Source)
	at sun.reflect.DelegatingMethodAccessorImpl.invoke(Unknown Source)
	at java.lang.reflect.Method.invoke(Unknown Source)
	at org.testng.internal.MethodInvocationHelper.invokeMethod(MethodInvocationHelper.java:84)
	at org.testng.internal.Invoker.invokeConfigurationMethod(Invoker.java:564)
	at org.testng.internal.Invoker.invokeConfigurations(Invoker.java:213)
	at org.testng.internal.Invoker.invokeMethod(Invoker.java:653)
	at org.testng.internal.Invoker.invokeTestMethod(Invoker.java:901)
	at org.testng.internal.Invoker.invokeTestMethods(Invoker.java:1231)
	at org.testng.internal.TestMethodWorker.invokeTestMethods(TestMethodWorker.java:127)
	at org.testng.internal.TestMethodWorker.run(TestMethodWorker.java:111)
	at org.testng.TestRunner.privateRun(TestRunner.java:767)
	at org.testng.TestRunner.run(TestRunner.java:617)
	at org.testng.SuiteRunner.runTest(SuiteRunner.java:334)
	at org.testng.SuiteRunner.runSequentially(SuiteRunner.java:329)
	at org.testng.SuiteRunner.privateRun(SuiteRunner.java:291)
	at org.testng.SuiteRunner.run(SuiteRunner.java:240)
	at org.testng.SuiteRunnerWorker.runSuite(SuiteRunnerWorker.java:52)
	at org.testng.SuiteRunnerWorker.run(SuiteRunnerWorker.java:86)
	at org.testng.TestNG.runSuitesSequentially(TestNG.java:1224)
	at org.testng.TestNG.runSuitesLocally(TestNG.java:1149)
	at org.testng.TestNG.run(TestNG.java:1057)
	at org.testng.TestNG.privateMain(TestNG.java:1364)
	at org.testng.TestNG.main(TestNG.java:1333)
Caused by: org.openqa.selenium.firefox.NotConnectedException: Unable to connect to host 127.0.0.1 on port 7055 after 45000 ms. Firefox console output:
c20a-464f-9b0e-13a3a9e97384}","minVersion":"45.0.2","maxVersion":"45.0.2"}],"targetPlatforms":[],"seen":true}
1470540531408	addons.xpi	DEBUG	getModTime: Recursive scan of {972ce4c6-7e08-4474-a285-3208198ce6fd}
1470540531409	DeferredSave.extensions.json	DEBUG	Save changes
1470540531409	addons.xpi	DEBUG	Updating database with changes to installed add-ons
1470540531409	addons.xpi-utils	DEBUG	Updating add-on states
1470540531410	addons.xpi-utils	DEBUG	Writing add-ons list
1470540531420	addons.xpi	DEBUG	Registering manifest for C:\Program Files (x86)\Mozilla Firefox\browser\features\loop@mozilla.org.xpi
1470540531424	addons.xpi	DEBUG	Calling bootstrap method startup on loop@mozilla.org version 1.1.14
1470540531457	addons.manager	DEBUG	Starting provider: <unnamed-provider>
1470540531457	addons.manager	DEBUG	Registering shutdown blocker for <unnamed-provider>
1470540531458	addons.manager	DEBUG	Provider finished startup: <unnamed-provider>
1470540531475	addons.xpi	DEBUG	Registering manifest for C:\Program Files (x86)\Mozilla Firefox\browser\extensions\{82AF8DCA-6DE9-405D-BD5E-43525BDAD38A}.xpi
1470540531476	addons.xpi	DEBUG	Calling bootstrap method startup on {82AF8DCA-6DE9-405D-BD5E-43525BDAD38A} version 8.3.0.9150
1470540531479	addons.manager	DEBUG	Registering shutdown blocker for XPIProvider
1470540531480	addons.manager	DEBUG	Provider finished startup: XPIProvider
1470540531480	addons.manager	DEBUG	Starting provider: LightweightThemeManager
1470540531480	addons.manager	DEBUG	Registering shutdown blocker for LightweightThemeManager
1470540531480	addons.manager	DEBUG	Provider finished startup: LightweightThemeManager
1470540531481	addons.manager	DEBUG	Starting provider: GMPProvider
1470540531492	addons.manager	DEBUG	Registering shutdown blocker for GMPProvider
1470540531492	addons.manager	DEBUG	Provider finished startup: GMPProvider
1470540531493	addons.manager	DEBUG	Starting provider: PluginProvider
1470540531493	addons.manager	DEBUG	Registering shutdown blocker for PluginProvider
1470540531494	addons.manager	DEBUG	Provider finished startup: PluginProvider
1470540531494	addons.manager	DEBUG	Completed startup sequence
1470540536558	DeferredSave.extensions.json	DEBUG	Write succeeded
1470540536558	addons.xpi-utils	DEBUG	XPI Database saved, setting schema version preference to 17
1470540536559	DeferredSave.extensions.json	DEBUG	Starting timer
1470540536582	DeferredSave.extensions.json	DEBUG	Starting write
1470540536588	addons.repository	DEBUG	No addons.json found.
1470540536588	DeferredSave.addons.json	DEBUG	Save changes
1470540536592	DeferredSave.addons.json	DEBUG	Starting timer
1470540537619	addons.manager	DEBUG	Starting provider: PreviousExperimentProvider
1470540537620	addons.manager	DEBUG	Registering shutdown blocker for PreviousExperimentProvider
1470540537620	addons.manager	DEBUG	Provider finished startup: PreviousExperimentProvider
1470540537625	DeferredSave.addons.json	DEBUG	Starting write
1470540537958	DeferredSave.extensions.json	DEBUG	Write succeeded
1470540538000	DeferredSave.addons.json	DEBUG	Write succeeded
1470540558031	addons.xpi	DEBUG	Calling bootstrap method shutdown on loop@mozilla.org version 1.1.14
1470540558066	addons.xpi	DEBUG	Calling bootstrap method shutdown on {82AF8DCA-6DE9-405D-BD5E-43525BDAD38A} version 8.3.0.9150
1470540558405	addons.manager	DEBUG	shutdown
1470540558406	addons.manager	DEBUG	Calling shutdown blocker for <unnamed-provider>
1470540558406	addons.manager	DEBUG	Calling shutdown blocker for XPIProvider
1470540558406	addons.xpi	DEBUG	shutdown
1470540558407	addons.xpi-utils	DEBUG	shutdown
1470540558407	addons.manager	DEBUG	Calling shutdown blocker for LightweightThemeManager
1470540558408	addons.manager	DEBUG	Calling shutdown blocker for GMPProvider
1470540558411	addons.manager	DEBUG	Calling shutdown blocker for PluginProvider
1470540558414	addons.manager	DEBUG	Calling shutdown blocker for PreviousExperimentProvider
1470540558420	addons.xpi	DEBUG	Notifying XPI shutdown observers
1470540558433	addons.manager	DEBUG	Async provider shutdown done

	at org.openqa.selenium.firefox.internal.NewProfileExtensionConnection.start(NewProfileExtensionConnection.java:122)
	... 31 more
]]>
            </full-stacktrace>
          </exception> <!-- org.openqa.selenium.WebDriverException -->
          <reporter-output>
          </reporter-output>
        </test-method> <!-- LaunchBrowser -->
        <test-method status="SKIP" signature="testcase1()[pri:0, instance:com.tests.CitiBankTest@1554909b]" name="testcase1" duration-ms="4" started-at="2016-08-06T23:29:36Z" finished-at="2016-08-06T23:29:36Z">
          <reporter-output>
          </reporter-output>
        </test-method> <!-- testcase1 -->
        <test-method status="SKIP" signature="PrintTestCaseEnd(org.testng.ITestResult)[pri:0, instance:com.tests.CitiBankTest@1554909b]" name="PrintTestCaseEnd" is-config="true" duration-ms="0" started-at="2016-08-06T23:29:36Z" finished-at="2016-08-06T23:29:36Z">
          <reporter-output>
          </reporter-output>
        </test-method> <!-- PrintTestCaseEnd -->
      </class> <!-- com.tests.CitiBankTest -->
    </test> <!-- Tests Using firefox -->
  </suite> <!-- CitiBankTest Test Suite -->
</testng-results>
